<?xml version="1.0" encoding="UTF-8"?>
<testng-results skipped="0" failed="0" ignored="0" total="1" passed="1">
  <reporter-output>
  </reporter-output>
  <suite name="BankBazzar" duration-ms="32574" started-at="2018-09-09T07:08:45Z" finished-at="2018-09-09T07:09:18Z">
    <groups>
    </groups>
    <test name="Test" duration-ms="32574" started-at="2018-09-09T07:08:45Z" finished-at="2018-09-09T07:09:18Z">
      <class name="bankbazzarTestcases.TC001_Bank">
        <test-method status="PASS" signature="startResult()[pri:0, instance:bankbazzarTestcases.TC001_Bank@6fc6f14e]" name="startResult" is-config="true" duration-ms="765" started-at="2018-09-09T07:08:44Z" finished-at="2018-09-09T07:08:45Z">
          <reporter-output>
          </reporter-output>
        </test-method> <!-- startResult -->
        <test-method status="PASS" signature="startTestCase()[pri:0, instance:bankbazzarTestcases.TC001_Bank@6fc6f14e]" name="startTestCase" is-config="true" duration-ms="16" started-at="2018-09-09T07:08:45Z" finished-at="2018-09-09T07:08:45Z">
          <reporter-output>
          </reporter-output>
        </test-method> <!-- startTestCase -->
        <test-method status="PASS" signature="setData()[pri:0, instance:bankbazzarTestcases.TC001_Bank@6fc6f14e]" name="setData" is-config="true" duration-ms="0" started-at="2018-09-09T07:08:45Z" finished-at="2018-09-09T07:08:45Z">
          <reporter-output>
          </reporter-output>
        </test-method> <!-- setData -->
        <test-method status="PASS" signature="login(java.lang.String)[pri:0, instance:bankbazzarTestcases.TC001_Bank@6fc6f14e]" name="login" is-config="true" duration-ms="8807" started-at="2018-09-09T07:08:45Z" finished-at="2018-09-09T07:08:54Z">
          <params>
            <param index="0">
              <value>
                <![CDATA[https://www.bankbazaar.com/]]>
              </value>
            </param>
          </params>
          <reporter-output>
          </reporter-output>
        </test-method> <!-- login -->
        <test-method status="PASS" signature="selectInvesments()[pri:0, instance:bankbazzarTestcases.TC001_Bank@6fc6f14e]" name="selectInvesments" duration-ms="23733" started-at="2018-09-09T07:08:54Z" finished-at="2018-09-09T07:09:18Z">
          <reporter-output>
          </reporter-output>
        </test-method> <!-- selectInvesments -->
        <test-method status="PASS" signature="close()[pri:0, instance:bankbazzarTestcases.TC001_Bank@6fc6f14e]" name="close" is-config="true" duration-ms="0" started-at="2018-09-09T07:09:18Z" finished-at="2018-09-09T07:09:18Z">
          <reporter-output>
          </reporter-output>
        </test-method> <!-- close -->
        <test-method status="PASS" signature="stopResult()[pri:0, instance:bankbazzarTestcases.TC001_Bank@6fc6f14e]" name="stopResult" is-config="true" duration-ms="415" started-at="2018-09-09T07:09:18Z" finished-at="2018-09-09T07:09:18Z">
          <reporter-output>
          </reporter-output>
        </test-method> <!-- stopResult -->
      </class> <!-- bankbazzarTestcases.TC001_Bank -->
    </test> <!-- Test -->
  </suite> <!-- BankBazzar -->
</testng-results>
